<?xml version="1.0" encoding="UTF-8"?>
<!-- Generated by org.testng.reporters.JUnitReportReporter -->
<testsuite hostname="LAPTOP-VRAFTVET" failures="0" tests="1" name="Axis.DataDriven.ReadExcel" time="4.946" errors="0" timestamp="2024-02-27T14:11:59 IST" skipped="0">
  <testcase classname="Axis.DataDriven.ReadExcel" name="fblogin" time="4.946"/>
  <system-out/>
</testsuite> <!-- Axis.DataDriven.ReadExcel -->
