<?xml version="1.0" encoding="UTF-8"?>
<!-- Generated by org.testng.reporters.JUnitReportReporter -->
<testsuite hostname="LAPTOP-VRAFTVET" failures="0" tests="1" name="Axis.DataDriven.ReadExcel" time="4.790" errors="0" timestamp="2024-02-28T11:56:34 IST" skipped="0">
  <testcase classname="Axis.DataDriven.ReadExcel" name="fblogin" time="4.790"/>
  <system-out/>
</testsuite> <!-- Axis.DataDriven.ReadExcel -->
