<?xml version="1.0" encoding="UTF-8"?>
<!-- Generated by org.testng.reporters.JUnitReportReporter -->
<testsuite hostname="LAPTOP-VRAFTVET" failures="0" tests="1" name="Axis.DataDriven.WriteToExcel" time="5.262" errors="0" timestamp="2024-02-28T11:57:44 IST" skipped="0">
  <testcase classname="Axis.DataDriven.WriteToExcel" name="fblogin" time="5.262"/>
  <system-out/>
</testsuite> <!-- Axis.DataDriven.WriteToExcel -->
